<?xml version="1.0" encoding="UTF-8"?>
<!-- Generated by org.testng.reporters.JUnitXMLReporter -->
<testsuite ignored="0" hostname="DESKTOP-6VK2N9G" failures="1" tests="1" name="Test_Chrome" time="19.877" errors="0" timestamp="2023-02-01T13:07:40 IST">
  <testcase classname="test.test" name="VerifyLogo" time="2.616">
    <failure type="java.lang.AssertionError" message="failed expected [ADD TO CARTy] but found [ADD TO CART]">
      <![CDATA[java.lang.AssertionError: failed expected [ADD TO CARTy] but found [ADD TO CART]
at test.test.VerifyLogo(test.java:43)
at java.base/java.util.ArrayList.forEach(ArrayList.java:1511)
... Removed 32 stack frames]]>
    </failure>
  </testcase> <!-- VerifyLogo -->
</testsuite> <!-- Test_Chrome -->
